<?xml version="1.0" encoding="UTF-8"?>
<testsuite xmlns:xsi="http://www.w3.org/2001/XMLSchema-instance" xsi:noNamespaceSchemaLocation="https://maven.apache.org/surefire/maven-surefire-plugin/xsd/surefire-test-report.xsd" name="TestSuite" time="14.192" tests="16" errors="0" skipped="1" failures="3">
  <properties>
    <property name="sun.desktop" value="windows"/>
    <property name="awt.toolkit" value="sun.awt.windows.WToolkit"/>
    <property name="java.specification.version" value="11"/>
    <property name="sun.cpu.isalist" value="amd64"/>
    <property name="sun.jnu.encoding" value="Cp1251"/>
    <property name="java.class.path" value="C:\Users\НУР\IdeaProjects\TAF_Fall2022\target\test-classes;C:\Users\НУР\IdeaProjects\TAF_Fall2022\target\classes;C:\Users\НУР\.m2\repository\io\qameta\allure\allure-testng\2.20.0\allure-testng-2.20.0.jar;C:\Users\НУР\.m2\repository\io\qameta\allure\allure-java-commons\2.20.0\allure-java-commons-2.20.0.jar;C:\Users\НУР\.m2\repository\org\slf4j\slf4j-api\1.7.36\slf4j-api-1.7.36.jar;C:\Users\НУР\.m2\repository\io\qameta\allure\allure-model\2.20.0\allure-model-2.20.0.jar;C:\Users\НУР\.m2\repository\io\qameta\allure\allure-test-filter\2.20.0\allure-test-filter-2.20.0.jar;C:\Users\НУР\.m2\repository\org\testng\testng\7.4.0\testng-7.4.0.jar;C:\Users\НУР\.m2\repository\com\beust\jcommander\1.78\jcommander-1.78.jar;C:\Users\НУР\.m2\repository\org\webjars\jquery\3.5.1\jquery-3.5.1.jar;C:\Users\НУР\.m2\repository\com\github\javafaker\javafaker\1.0.2\javafaker-1.0.2.jar;C:\Users\НУР\.m2\repository\org\apache\commons\commons-lang3\3.5\commons-lang3-3.5.jar;C:\Users\НУР\.m2\repository\org\yaml\snakeyaml\1.23\snakeyaml-1.23-android.jar;C:\Users\НУР\.m2\repository\com\github\mifmif\generex\1.0.2\generex-1.0.2.jar;C:\Users\НУР\.m2\repository\dk\brics\automaton\automaton\1.11-8\automaton-1.11-8.jar;"/>
    <property name="java.vm.vendor" value="Oracle Corporation"/>
    <property name="sun.arch.data.model" value="64"/>
    <property name="user.variant" value=""/>
    <property name="java.vendor.url" value="https://openjdk.java.net/"/>
    <property name="user.timezone" value="Europe/Moscow"/>
    <property name="user.country.format" value="KG"/>
    <property name="java.vm.specification.version" value="11"/>
    <property name="os.name" value="Windows 10"/>
    <property name="sun.java.launcher" value="SUN_STANDARD"/>
    <property name="user.country" value="RU"/>
    <property name="sun.boot.library.path" value="C:\Program Files\Java\jdk-11.0.16.1\bin"/>
    <property name="sun.java.command" value="C:\Users\4D77~1\AppData\Local\Temp\surefire3642264400292840744\surefirebooter15196841256278132456.jar C:\Users\НУР\AppData\Local\Temp\surefire3642264400292840744 2023-01-10T13-51-12_333-jvmRun1 surefire1389682993414526836tmp surefire_012362419848260510916tmp"/>
    <property name="jdk.debug" value="release"/>
    <property name="surefire.test.class.path" value="C:\Users\НУР\IdeaProjects\TAF_Fall2022\target\test-classes;C:\Users\НУР\IdeaProjects\TAF_Fall2022\target\classes;C:\Users\НУР\.m2\repository\io\qameta\allure\allure-testng\2.20.0\allure-testng-2.20.0.jar;C:\Users\НУР\.m2\repository\io\qameta\allure\allure-java-commons\2.20.0\allure-java-commons-2.20.0.jar;C:\Users\НУР\.m2\repository\org\slf4j\slf4j-api\1.7.36\slf4j-api-1.7.36.jar;C:\Users\НУР\.m2\repository\io\qameta\allure\allure-model\2.20.0\allure-model-2.20.0.jar;C:\Users\НУР\.m2\repository\io\qameta\allure\allure-test-filter\2.20.0\allure-test-filter-2.20.0.jar;C:\Users\НУР\.m2\repository\org\testng\testng\7.4.0\testng-7.4.0.jar;C:\Users\НУР\.m2\repository\com\beust\jcommander\1.78\jcommander-1.78.jar;C:\Users\НУР\.m2\repository\org\webjars\jquery\3.5.1\jquery-3.5.1.jar;C:\Users\НУР\.m2\repository\com\github\javafaker\javafaker\1.0.2\javafaker-1.0.2.jar;C:\Users\НУР\.m2\repository\org\apache\commons\commons-lang3\3.5\commons-lang3-3.5.jar;C:\Users\НУР\.m2\repository\org\yaml\snakeyaml\1.23\snakeyaml-1.23-android.jar;C:\Users\НУР\.m2\repository\com\github\mifmif\generex\1.0.2\generex-1.0.2.jar;C:\Users\НУР\.m2\repository\dk\brics\automaton\automaton\1.11-8\automaton-1.11-8.jar;"/>
    <property name="sun.cpu.endian" value="little"/>
    <property name="allure.results.directory" value="C:\Users\НУР\IdeaProjects\TAF_Fall2022\target/allure-results"/>
    <property name="user.home" value="C:\Users\НУР"/>
    <property name="user.language" value="ru"/>
    <property name="java.specification.vendor" value="Oracle Corporation"/>
    <property name="java.version.date" value="2022-08-18"/>
    <property name="java.home" value="C:\Program Files\Java\jdk-11.0.16.1"/>
    <property name="file.separator" value="\"/>
    <property name="basedir" value="C:\Users\НУР\IdeaProjects\TAF_Fall2022"/>
    <property name="java.vm.compressedOopsMode" value="32-bit"/>
    <property name="line.separator" value="&#10;"/>
    <property name="java.specification.name" value="Java Platform API Specification"/>
    <property name="java.vm.specification.vendor" value="Oracle Corporation"/>
    <property name="java.awt.graphicsenv" value="sun.awt.Win32GraphicsEnvironment"/>
    <property name="surefire.real.class.path" value="C:\Users\4D77~1\AppData\Local\Temp\surefire3642264400292840744\surefirebooter15196841256278132456.jar"/>
    <property name="user.script" value=""/>
    <property name="sun.management.compiler" value="HotSpot 64-Bit Tiered Compilers"/>
    <property name="java.runtime.version" value="11.0.16.1+1-LTS-1"/>
    <property name="user.name" value="НУР"/>
    <property name="path.separator" value=";"/>
    <property name="os.version" value="10.0"/>
    <property name="java.runtime.name" value="Java(TM) SE Runtime Environment"/>
    <property name="file.encoding" value="Cp1251"/>
    <property name="java.vm.name" value="Java HotSpot(TM) 64-Bit Server VM"/>
    <property name="java.vendor.version" value="18.9"/>
    <property name="localRepository" value="C:\Users\НУР\.m2\repository"/>
    <property name="java.vendor.url.bug" value="https://bugreport.java.com/bugreport/"/>
    <property name="java.io.tmpdir" value="C:\Users\4D77~1\AppData\Local\Temp\"/>
    <property name="java.version" value="11.0.16.1"/>
    <property name="user.dir" value="C:\Users\НУР\IdeaProjects\TAF_Fall2022"/>
    <property name="os.arch" value="amd64"/>
    <property name="java.vm.specification.name" value="Java Virtual Machine Specification"/>
    <property name="java.awt.printerjob" value="sun.awt.windows.WPrinterJob"/>
    <property name="sun.os.patch.level" value=""/>
    <property name="java.library.path" value="C:\Program Files\Java\jdk-11.0.16.1\bin;C:\WINDOWS\Sun\Java\bin;C:\WINDOWS\system32;C:\WINDOWS;C:\Program Files\Common Files\Oracle\Java\javapath;C:\Program Files (x86)\Common Files\Oracle\Java\javapath;C:\WINDOWS\system32;C:\WINDOWS;C:\WINDOWS\System32\Wbem;C:\WINDOWS\System32\WindowsPowerShell\v1.0\;C:\WINDOWS\System32\OpenSSH\;C:\Program Files\Java\jdk1.8.0_202\bin;C:\Program Files\Git\cmd;C:\Program Files\apache-maven-3.8.7\bin;C:\Program Files\Java\jdk-11.0.16.1\bin;C:\Users\НУР\AppData\Local\Microsoft\WindowsApps;;."/>
    <property name="java.vendor" value="Oracle Corporation"/>
    <property name="java.vm.info" value="mixed mode"/>
    <property name="java.vm.version" value="11.0.16.1+1-LTS-1"/>
    <property name="sun.io.unicode.encoding" value="UnicodeLittle"/>
    <property name="java.class.version" value="55.0"/>
  </properties>
  <testcase name="testDiv" classname="myTestNgTest.MyFirstTest" time="0.47">
    <failure message="expected [3] but found [4]" type="java.lang.AssertionError">java.lang.AssertionError: expected [3] but found [4]
	at myTestNgTest.MyFirstTest.testDiv(MyFirstTest.java:38)
</failure>
    <system-out><![CDATA[Open chrome browse
This is before method
]]></system-out>
    <system-err><![CDATA[SLF4J: Failed to load class "org.slf4j.impl.StaticLoggerBinder".
SLF4J: Defaulting to no-operation (NOP) logger implementation
SLF4J: See http://www.slf4j.org/codes.html#StaticLoggerBinder for further details.
]]></system-err>
  </testcase>
  <testcase name="testDif" classname="myTestNgTest.MyFirstTest" time="0"/>
  <testcase name="testSum" classname="myTestNgTest.MyFirstTest" time="0">
    <failure message="Failed expected [10] but found [9]" type="java.lang.AssertionError">java.lang.AssertionError: Failed expected [10] but found [9]
	at myTestNgTest.MyFirstTest.testSum(MyFirstTest.java:31)
</failure>
    <system-out><![CDATA[Take screenshots
This is before method
]]></system-out>
  </testcase>
  <testcase name="testMul" classname="myTestNgTest.MyFirstTest" time="0"/>
  <testcase name="myTest" classname="myTestNgTest.TestDataProvider" time="0.025"/>
  <testcase name="myTest" classname="myTestNgTest.TestDataProvider" time="0.005"/>
  <testcase name="myTest" classname="myTestNgTest.TestDataProvider" time="0.005"/>
  <testcase name="myTest" classname="myTestNgTest.TestDataProvider" time="0.01"/>
  <testcase name="myTest" classname="myTestNgTest.TestDataProvider" time="0.01"/>
  <testcase name="testCheckUserLog" classname="myTestNgTest.TestDataProvider1" time="0.01"/>
  <testcase name="testCheckUserLog" classname="myTestNgTest.TestDataProvider1" time="0.005"/>
  <testcase name="testCheckUserLog" classname="myTestNgTest.TestDataProvider1" time="0"/>
  <testcase name="testCheckUserLog" classname="myTestNgTest.TestDataProvider1" time="0.005"/>
  <testcase name="createNewUserTest" classname="myTestNgTest.TestUser" time="0.005">
    <failure type="java.lang.AssertionError:">java.lang.AssertionError: null
	at myTestNgTest.TestUser.createNewUserTest(TestUser.java:11)
</failure>
    <system-out><![CDATA[Creating new user
]]></system-out>
  </testcase>
  <testcase name="checkCreateUser" classname="myTestNgTest.TestUser" time="0">
    <skipped message="Method TestUser.checkCreateUser()[pri:0, instance:myTestNgTest.TestUser@47f08b81] depends on not successfully finished methods"/>
  </testcase>
  <testcase name="test1" classname="myTestNgTest.TestUser" time="0.005"/>
</testsuite>