<!DOCTYPE html PUBLIC "-//W3C//DTD XHTML 1.1//EN" "https://www.w3.org/TR/xhtml11/DTD/xhtml11.dtd">
<html xmlns="https://www.w3.org/1999/xhtml">
<head>
<meta charset='utf-8'>
<title>TestNG Report</title>
<style type="text/css">
table {margin-bottom:10px;border-collapse:collapse;empty-cells:show}
td,th {border:1px solid #009;padding:.25em .5em}
.result th {vertical-align:bottom}
.param th {padding-left:1em;padding-right:1em}
.param td {padding-left:.5em;padding-right:2em}
.stripe td,.stripe th {background-color: #E6EBF9}
.numi,.numi_attn {text-align:right}
.total td {font-weight:bold}
.passedodd td {background-color: #0A0}
.passedeven td {background-color: #3F3}
.skippedodd td {background-color: #CCC}
.skippedodd td {background-color: #DDD}
.failedodd td,.numi_attn {background-color: #F33}
.failedeven td,.stripe .numi_attn {background-color: #D00}
.stacktrace {white-space:pre;font-family:monospace}
.totop {font-size:85%;text-align:center;border-bottom:2px solid #000}
</style>
</head>
<body>
<table cellspacing="0" cellpadding="0" class="testOverview">
<tr><th>Test</th><th>Methods<br/>Passed</th><th>Scenarios<br/>Passed</th><th># skipped</th><th># failed</th><th>Total<br/>Time</th><th>Included<br/>Groups</th><th>Excluded<br/>Groups</th></tr>
<tr><td style="text-align:left;padding-right:2em"><a href="#t1">C:/Users/���/IdeaProjects/TAF_Fall2022</a></td><td class="numi">15</td><td class="numi">15</td><td class="numi_attn">1</td><td class="numi_attn">4</td><td class="numi">1,5 seconds</td><td class="numi"></td><td class="numi"></td></tr>
</table>
<table cellspacing="0" cellpadding="0" class="methodOverview" id="summary">
<tr><th>Class</th><th>Method</th><th># of<br/>Scenarios</th><th>Start</th><th>Time<br/>(ms)</th></tr>
<tr id="t1"><th colspan="5">C:/Users/���/IdeaProjects/TAF_Fall2022 &#8212; failed</th></tr>
<tr class="failedodd"><td rowspan="2">myTestNgTest.MyFirstTest</td><td><a href="#m1"><b>testDiv</b>  ("Divide two dijits")</a></td><td class="numi">1</td><td>1673191293656</td><td class="numi">14</td></tr><tr class="failedodd"><td><a href="#m2"><b>testSum</b>  </a></td><td class="numi">1</td><td>1673191293775</td><td class="numi">1</td></tr>
<tr class="failedeven"><td>practice2.Cat.Demo1</td><td><a href="#m3"><b>testSumFunction</b>  </a></td><td class="numi">1</td><td>1673191293791</td><td class="numi">1</td></tr>
<tr class="failedodd"><td>myTestNgTest.TestUser</td><td><a href="#m4"><b>createNewUserTest</b>  ("Verify admin can create new user")</a></td><td class="numi">1</td><td>1673191293652</td><td class="numi">16</td></tr>
<tr><th colspan="5">C:/Users/���/IdeaProjects/TAF_Fall2022 &#8212; skipped</th></tr>
<tr class="skippedodd"><td>myTestNgTest.TestUser</td><td><a href="#m5"><b>checkCreateUser</b>  </a></td><td class="numi">1</td><td>1673191293700</td><td class="numi">0</td></tr>
<tr><th colspan="5">C:/Users/���/IdeaProjects/TAF_Fall2022 &#8212; passed</th></tr>
<tr class="passedodd"><td>myTestNgTest.TestDemo</td><td><a href="#m6"><b>testPharmacyTitle</b>  ("Verify pharmacy title is displayed on Home Page")</a></td><td class="numi">1</td><td>1673191294947</td><td class="numi">2</td></tr>
<tr class="passedeven"><td>myTestNgTest.TestUser</td><td><a href="#m7"><b>test1</b>  </a></td><td class="numi">1</td><td>1673191293681</td><td class="numi">1</td></tr>
<tr class="passedodd"><td>myTestNgTest.MyFirstTest</td><td><a href="#m8"><b>testMul</b>  </a></td><td class="numi">1</td><td>1673191293825</td><td class="numi">2</td></tr>
<tr class="passedeven"><td>myTestNgTest.Demo2</td><td><a href="#m9"><b>testSortedArrayFunction</b>  </a></td><td class="numi">1</td><td>1673191293777</td><td class="numi">6</td></tr>
<tr class="passedodd"><td>myTestNgTest.TestDataProvider</td><td><a href="#m10"><b>myTest</b>  </a></td><td class="numi">5</td><td>1673191293652</td><td class="numi">105</td></tr>
<tr class="passedeven"><td>myTestNgTest.MyFirstTest</td><td><a href="#m11"><b>testDif</b>  </a></td><td class="numi">1</td><td>1673191293683</td><td class="numi">0</td></tr>
<tr class="passedodd"><td>myTestNgTest.MyMethods</td><td><a href="#m12"><b>testMakeSumFunction</b>  ("Check the method")</a></td><td class="numi">1</td><td>1673191293770</td><td class="numi">1</td></tr>
<tr class="passedeven"><td>myTestNgTest.Demo2</td><td><a href="#m13"><b>testSortedArrayFunction1</b>  </a></td><td class="numi">1</td><td>1673191293786</td><td class="numi">1</td></tr>
<tr class="passedodd"><td rowspan="2">myTestNgTest.TestDataProvider</td><td><a href="#m14"><b>myTest</b>  </a></td><td class="numi">5</td><td>1673191293652</td><td class="numi">105</td></tr><tr class="passedodd"><td><a href="#m15"><b>myTest</b>  </a></td><td class="numi">5</td><td>1673191293652</td><td class="numi">105</td></tr>
<tr class="passedeven"><td rowspan="2">myTestNgTest.TestDemo</td><td><a href="#m16"><b>testFoodTitle</b>  ("Verify food title is displayed on Home Page")</a></td><td class="numi">1</td><td>1673191294924</td><td class="numi">11</td></tr><tr class="passedeven"><td><a href="#m17"><b>testShops</b>  ("Verify shop title is displayed on Home Page")</a></td><td class="numi">1</td><td>1673191294954</td><td class="numi">6</td></tr>
<tr class="passedodd"><td>myTestNgTest.Calculator</td><td><a href="#m18"><b>testSum</b>  </a></td><td class="numi">1</td><td>1673191293791</td><td class="numi">0</td></tr>
<tr class="passedeven"><td rowspan="2">myTestNgTest.TestDataProvider</td><td><a href="#m19"><b>myTest</b>  </a></td><td class="numi">5</td><td>1673191293652</td><td class="numi">105</td></tr><tr class="passedeven"><td><a href="#m20"><b>myTest</b>  </a></td><td class="numi">5</td><td>1673191293652</td><td class="numi">105</td></tr>
</table>
<h1>C:/Users/���/IdeaProjects/TAF_Fall2022</h1>
<h2 id="m1">myTestNgTest.MyFirstTest:testDiv</h2>
<div>
<div class="stacktrace">java.lang.AssertionError: expected [3] but found [4]
	at org.testng.Assert.fail(Assert.java:99)
	at org.testng.Assert.failNotEquals(Assert.java:1037)
	at org.testng.Assert.assertEqualsImpl(Assert.java:140)
	at org.testng.Assert.assertEquals(Assert.java:122)
	at org.testng.Assert.assertEquals(Assert.java:907)
	at org.testng.Assert.assertEquals(Assert.java:917)
	at myTestNgTest.MyFirstTest.testDiv(MyFirstTest.java:38)
	at sun.reflect.NativeMethodAccessorImpl.invoke0(Native Method)
	at sun.reflect.NativeMethodAccessorImpl.invoke(NativeMethodAccessorImpl.java:62)
	at sun.reflect.DelegatingMethodAccessorImpl.invoke(DelegatingMethodAccessorImpl.java:43)
	at java.lang.reflect.Method.invoke(Method.java:498)
	at org.testng.internal.MethodInvocationHelper.invokeMethod(MethodInvocationHelper.java:133)
	at org.testng.internal.TestInvoker.invokeMethod(TestInvoker.java:598)
	at org.testng.internal.TestInvoker.invokeTestMethod(TestInvoker.java:173)
	at org.testng.internal.MethodRunner.runInSequence(MethodRunner.java:46)
	at org.testng.internal.TestInvoker$MethodInvocationAgent.invoke(TestInvoker.java:824)
	at org.testng.internal.TestInvoker.invokeTestMethods(TestInvoker.java:146)
	at org.testng.internal.TestMethodWorker.invokeTestMethods(TestMethodWorker.java:146)
	at org.testng.internal.TestMethodWorker.run(TestMethodWorker.java:128)
	at java.util.concurrent.ThreadPoolExecutor.runWorker(ThreadPoolExecutor.java:1149)
	at java.util.concurrent.ThreadPoolExecutor$Worker.run(ThreadPoolExecutor.java:624)
	at java.lang.Thread.run(Thread.java:748)
</div>
</div>
<p class="totop"><a href="#summary">back to summary</a></p>
<h2 id="m2">myTestNgTest.MyFirstTest:testSum</h2>
<div>
<div class="stacktrace">java.lang.AssertionError: Failed expected [10] but found [9]
	at org.testng.Assert.fail(Assert.java:99)
	at org.testng.Assert.failNotEquals(Assert.java:1037)
	at org.testng.Assert.assertEqualsImpl(Assert.java:140)
	at org.testng.Assert.assertEquals(Assert.java:122)
	at org.testng.Assert.assertEquals(Assert.java:907)
	at myTestNgTest.MyFirstTest.testSum(MyFirstTest.java:31)
	at sun.reflect.NativeMethodAccessorImpl.invoke0(Native Method)
	at sun.reflect.NativeMethodAccessorImpl.invoke(NativeMethodAccessorImpl.java:62)
	at sun.reflect.DelegatingMethodAccessorImpl.invoke(DelegatingMethodAccessorImpl.java:43)
	at java.lang.reflect.Method.invoke(Method.java:498)
	at org.testng.internal.MethodInvocationHelper.invokeMethod(MethodInvocationHelper.java:133)
	at org.testng.internal.TestInvoker.invokeMethod(TestInvoker.java:598)
	at org.testng.internal.TestInvoker.invokeTestMethod(TestInvoker.java:173)
	at org.testng.internal.MethodRunner.runInSequence(MethodRunner.java:46)
	at org.testng.internal.TestInvoker$MethodInvocationAgent.invoke(TestInvoker.java:824)
	at org.testng.internal.TestInvoker.invokeTestMethods(TestInvoker.java:146)
	at org.testng.internal.TestMethodWorker.invokeTestMethods(TestMethodWorker.java:146)
	at org.testng.internal.TestMethodWorker.run(TestMethodWorker.java:128)
	at java.util.concurrent.ThreadPoolExecutor.runWorker(ThreadPoolExecutor.java:1149)
	at java.util.concurrent.ThreadPoolExecutor$Worker.run(ThreadPoolExecutor.java:624)
	at java.lang.Thread.run(Thread.java:748)
</div>
</div>
<p class="totop"><a href="#summary">back to summary</a></p>
<h2 id="m3">myTestNgTest.TestUser:createNewUserTest</h2>
<div>
<div class="stacktrace">java.lang.AssertionError: null
	at org.testng.Assert.fail(Assert.java:99)
	at org.testng.Assert.fail(Assert.java:106)
	at myTestNgTest.TestUser.createNewUserTest(TestUser.java:11)
	at sun.reflect.NativeMethodAccessorImpl.invoke0(Native Method)
	at sun.reflect.NativeMethodAccessorImpl.invoke(NativeMethodAccessorImpl.java:62)
	at sun.reflect.DelegatingMethodAccessorImpl.invoke(DelegatingMethodAccessorImpl.java:43)
	at java.lang.reflect.Method.invoke(Method.java:498)
	at org.testng.internal.MethodInvocationHelper.invokeMethod(MethodInvocationHelper.java:133)
	at org.testng.internal.TestInvoker.invokeMethod(TestInvoker.java:598)
	at org.testng.internal.TestInvoker.invokeTestMethod(TestInvoker.java:173)
	at org.testng.internal.MethodRunner.runInSequence(MethodRunner.java:46)
	at org.testng.internal.TestInvoker$MethodInvocationAgent.invoke(TestInvoker.java:824)
	at org.testng.internal.TestInvoker.invokeTestMethods(TestInvoker.java:146)
	at org.testng.internal.TestMethodWorker.invokeTestMethods(TestMethodWorker.java:146)
	at org.testng.internal.TestMethodWorker.run(TestMethodWorker.java:128)
	at java.util.concurrent.ThreadPoolExecutor.runWorker(ThreadPoolExecutor.java:1149)
	at java.util.concurrent.ThreadPoolExecutor$Worker.run(ThreadPoolExecutor.java:624)
	at java.lang.Thread.run(Thread.java:748)
</div>
</div>
<p class="totop"><a href="#summary">back to summary</a></p>
<h2 id="m4">myTestNgTest.Demo1:testSumFunction</h2>
<div>
<div class="stacktrace">java.lang.AssertionError: expected [5] but found [4]
    at org.testng.Assert.fail(Assert.java:99)
    at org.testng.Assert.failNotEquals(Assert.java:1037)
    at org.testng.Assert.assertEqualsImpl(Assert.java:140)
    at org.testng.Assert.assertEquals(Assert.java:122)
    at org.testng.Assert.assertEquals(Assert.java:907)
    at org.testng.Assert.assertEquals(Assert.java:917)
    at practice2.Cat.Demo1.testSumFunction(Demo1.java:25)
    at sun.reflect.NativeMethodAccessorImpl.invoke0(Native Method)
    at sun.reflect.NativeMethodAccessorImpl.invoke(NativeMethodAccessorImpl.java:62)
    at sun.reflect.DelegatingMethodAccessorImpl.invoke(DelegatingMethodAccessorImpl.java:43)
    at java.lang.reflect.Method.invoke(Method.java:498)
    at org.testng.internal.MethodInvocationHelper.invokeMethod(MethodInvocationHelper.java:133)
    at org.testng.internal.TestInvoker.invokeMethod(TestInvoker.java:598)
    at org.testng.internal.TestInvoker.invokeTestMethod(TestInvoker.java:173)
    at org.testng.internal.MethodRunner.runInSequence(MethodRunner.java:46)
    at org.testng.internal.TestInvoker$MethodInvocationAgent.invoke(TestInvoker.java:824)
    at org.testng.internal.TestInvoker.invokeTestMethods(TestInvoker.java:146)
    at org.testng.internal.TestMethodWorker.invokeTestMethods(TestMethodWorker.java:146)
    at org.testng.internal.TestMethodWorker.run(TestMethodWorker.java:128)
    at java.util.concurrent.ThreadPoolExecutor.runWorker(ThreadPoolExecutor.java:1149)
    at java.util.concurrent.ThreadPoolExecutor$Worker.run(ThreadPoolExecutor.java:624)
    at java.lang.Thread.run(Thread.java:748)
</div>
</div>
<p class="totop"><a href="#summary">back to summary</a></p>
<h2 id="m5">myTestNgTest.TestUser:checkCreateUser</h2>
<div>
<div class="stacktrace">java.lang.Throwable: Method TestUser.checkCreateUser()[pri:0, instance:myTestNgTest.TestUser@6a41eaa2] depends on not successfully finished methods
	at org.testng.internal.TestInvoker.invokeTestMethods(TestInvoker.java:102)
	at org.testng.internal.TestMethodWorker.invokeTestMethods(TestMethodWorker.java:146)
	at org.testng.internal.TestMethodWorker.run(TestMethodWorker.java:128)
	at java.util.concurrent.ThreadPoolExecutor.runWorker(ThreadPoolExecutor.java:1149)
	at java.util.concurrent.ThreadPoolExecutor$Worker.run(ThreadPoolExecutor.java:624)
	at java.lang.Thread.run(Thread.java:748)
</div>
</div>
<p class="totop"><a href="#summary">back to summary</a></p>
<h2 id="m6">myTestNgTest.MyMethods:testMakeSumFunction</h2>
<p class="totop"><a href="#summary">back to summary</a></p>
<h2 id="m7">myTestNgTest.Demo2:testSortedArrayFunction1</h2>
<p class="totop"><a href="#summary">back to summary</a></p>
<h2 id="m8">myTestNgTest.TestDemo:testPharmacyTitle</h2>
<p class="totop"><a href="#summary">back to summary</a></p>
<h2 id="m9">myTestNgTest.TestDataProvider:myTest</h2>
<table cellspacing="0" cellpadding="0" class="result">
<tr class="param"><th>Parameter #1</th><th>Parameter #2</th></tr>
<tr class="param stripe"><td>john@gmail</td>
<td>VeryhardP@$$123!</td>
</tr>
</table>
<p class="totop"><a href="#summary">back to summary</a></p>
<h2 id="m10">myTestNgTest.TestUser:test1</h2>
<p class="totop"><a href="#summary">back to summary</a></p>
<h2 id="m11">myTestNgTest.MyFirstTest:testMul</h2>
<p class="totop"><a href="#summary">back to summary</a></p>
<h2 id="m12">myTestNgTest.TestDataProvider:myTest</h2>
<table cellspacing="0" cellpadding="0" class="result">
<tr class="param"><th>Parameter #1</th><th>Parameter #2</th></tr>
<tr class="param stripe"><td>john@gmail</td>
<td>VeryhardP@$$!</td>
</tr>
</table>
<p class="totop"><a href="#summary">back to summary</a></p>
<h2 id="m13">myTestNgTest.TestDemo:testFoodTitle</h2>
<p class="totop"><a href="#summary">back to summary</a></p>
<h2 id="m14">myTestNgTest.TestDemo:testShops</h2>
<p class="totop"><a href="#summary">back to summary</a></p>
<h2 id="m15">myTestNgTest.Demo2:testSortedArrayFunction</h2>
<p class="totop"><a href="#summary">back to summary</a></p>
<h2 id="m16">myTestNgTest.TestDataProvider:myTest</h2>
<table cellspacing="0" cellpadding="0" class="result">
<tr class="param"><th>Parameter #1</th><th>Parameter #2</th></tr>
<tr class="param stripe"><td>john@gmail</td>
<td>Very123!</td>
</tr>
</table>
<p class="totop"><a href="#summary">back to summary</a></p>
<h2 id="m17">myTestNgTest.MyFirstTest:testDif</h2>
<p class="totop"><a href="#summary">back to summary</a></p>
<h2 id="m18">myTestNgTest.Calculator:testSum</h2>
<p class="totop"><a href="#summary">back to summary</a></p>
<h2 id="m19">myTestNgTest.TestDataProvider:myTest</h2>
<table cellspacing="0" cellpadding="0" class="result">
<tr class="param"><th>Parameter #1</th><th>Parameter #2</th></tr>
<tr class="param stripe"><td>john.@gmail.com</td>
<td>Very123548!</td>
</tr>
</table>
<p class="totop"><a href="#summary">back to summary</a></p>
<h2 id="m20">myTestNgTest.TestDataProvider:myTest</h2>
<table cellspacing="0" cellpadding="0" class="result">
<tr class="param"><th>Parameter #1</th><th>Parameter #2</th></tr>
<tr class="param stripe"><td>john@gmail.com</td>
<td>VeryhardP@$$123!</td>
</tr>
</table>
<p class="totop"><a href="#summary">back to summary</a></p>
</body></html>
